The system is: Linux - 3.19.0-33-generic - x86_64
Compiling the CXX compiler identification source file "CMakeCXXCompilerId.cpp" succeeded.
Compiler: /usr/bin/clang++ 
Build flags: 
Id flags: 

The output was:
0


Compilation of the CXX compiler identification source "CMakeCXXCompilerId.cpp" produced "a.out"

The CXX compiler identification is Clang, found in "/home/ragnar/Dropbox/datorgrafik/EDAN35_Assignment2/CMakeFiles/3.0.2/CompilerIdCXX/a.out"

Compiling the C compiler identification source file "CMakeCCompilerId.c" succeeded.
Compiler: /usr/bin/clang 
Build flags: 
Id flags: 

The output was:
0


Compilation of the C compiler identification source "CMakeCCompilerId.c" produced "a.out"

The C compiler identification is Clang, found in "/home/ragnar/Dropbox/datorgrafik/EDAN35_Assignment2/CMakeFiles/3.0.2/CompilerIdC/a.out"

Determining if the CXX compiler works passed with the following output:
Change Dir: /home/ragnar/Dropbox/datorgrafik/EDAN35_Assignment2/CMakeFiles/CMakeTmp

Run Build Command:"/usr/bin/make" "cmTryCompileExec2250113011/fast"
/usr/bin/make -f CMakeFiles/cmTryCompileExec2250113011.dir/build.make CMakeFiles/cmTryCompileExec2250113011.dir/build
make[1]: Entering directory '/home/ragnar/Dropbox/datorgrafik/EDAN35_Assignment2/CMakeFiles/CMakeTmp'
/usr/bin/cmake -E cmake_progress_report /home/ragnar/Dropbox/datorgrafik/EDAN35_Assignment2/CMakeFiles/CMakeTmp/CMakeFiles 1
Building CXX object CMakeFiles/cmTryCompileExec2250113011.dir/testCXXCompiler.cxx.o
/usr/bin/clang++     -o CMakeFiles/cmTryCompileExec2250113011.dir/testCXXCompiler.cxx.o -c /home/ragnar/Dropbox/datorgrafik/EDAN35_Assignment2/CMakeFiles/CMakeTmp/testCXXCompiler.cxx
Linking CXX executable cmTryCompileExec2250113011
/usr/bin/cmake -E cmake_link_script CMakeFiles/cmTryCompileExec2250113011.dir/link.txt --verbose=1
/usr/bin/clang++        CMakeFiles/cmTryCompileExec2250113011.dir/testCXXCompiler.cxx.o  -o cmTryCompileExec2250113011 -rdynamic 
make[1]: Leaving directory '/home/ragnar/Dropbox/datorgrafik/EDAN35_Assignment2/CMakeFiles/CMakeTmp'


Detecting CXX compiler ABI info compiled with the following output:
Change Dir: /home/ragnar/Dropbox/datorgrafik/EDAN35_Assignment2/CMakeFiles/CMakeTmp

Run Build Command:"/usr/bin/make" "cmTryCompileExec3893709443/fast"
/usr/bin/make -f CMakeFiles/cmTryCompileExec3893709443.dir/build.make CMakeFiles/cmTryCompileExec3893709443.dir/build
make[1]: Entering directory '/home/ragnar/Dropbox/datorgrafik/EDAN35_Assignment2/CMakeFiles/CMakeTmp'
/usr/bin/cmake -E cmake_progress_report /home/ragnar/Dropbox/datorgrafik/EDAN35_Assignment2/CMakeFiles/CMakeTmp/CMakeFiles 1
Building CXX object CMakeFiles/cmTryCompileExec3893709443.dir/CMakeCXXCompilerABI.cpp.o
/usr/bin/clang++     -o CMakeFiles/cmTryCompileExec3893709443.dir/CMakeCXXCompilerABI.cpp.o -c /usr/share/cmake-3.0/Modules/CMakeCXXCompilerABI.cpp
Linking CXX executable cmTryCompileExec3893709443
/usr/bin/cmake -E cmake_link_script CMakeFiles/cmTryCompileExec3893709443.dir/link.txt --verbose=1
/usr/bin/clang++      -v CMakeFiles/cmTryCompileExec3893709443.dir/CMakeCXXCompilerABI.cpp.o  -o cmTryCompileExec3893709443 -rdynamic  
Ubuntu clang version 3.6.0-2ubuntu1 (tags/RELEASE_360/final) (based on LLVM 3.6.0)
Target: x86_64-pc-linux-gnu
Thread model: posix
Found candidate GCC installation: /usr/bin/../lib/gcc/i686-linux-gnu/4.8
Found candidate GCC installation: /usr/bin/../lib/gcc/i686-linux-gnu/4.8.4
Found candidate GCC installation: /usr/bin/../lib/gcc/i686-linux-gnu/4.9
Found candidate GCC installation: /usr/bin/../lib/gcc/i686-linux-gnu/4.9.2
Found candidate GCC installation: /usr/bin/../lib/gcc/i686-linux-gnu/5.1.1
Found candidate GCC installation: /usr/bin/../lib/gcc/x86_64-linux-gnu/4.8
Found candidate GCC installation: /usr/bin/../lib/gcc/x86_64-linux-gnu/4.8.4
Found candidate GCC installation: /usr/bin/../lib/gcc/x86_64-linux-gnu/4.9
Found candidate GCC installation: /usr/bin/../lib/gcc/x86_64-linux-gnu/4.9.2
Found candidate GCC installation: /usr/bin/../lib/gcc/x86_64-linux-gnu/5.1.1
Found candidate GCC installation: /usr/lib/gcc/i686-linux-gnu/4.8
Found candidate GCC installation: /usr/lib/gcc/i686-linux-gnu/4.8.4
Found candidate GCC installation: /usr/lib/gcc/i686-linux-gnu/4.9
Found candidate GCC installation: /usr/lib/gcc/i686-linux-gnu/4.9.2
Found candidate GCC installation: /usr/lib/gcc/i686-linux-gnu/5.1.1
Found candidate GCC installation: /usr/lib/gcc/x86_64-linux-gnu/4.8
Found candidate GCC installation: /usr/lib/gcc/x86_64-linux-gnu/4.8.4
Found candidate GCC installation: /usr/lib/gcc/x86_64-linux-gnu/4.9
Found candidate GCC installation: /usr/lib/gcc/x86_64-linux-gnu/4.9.2
Found candidate GCC installation: /usr/lib/gcc/x86_64-linux-gnu/5.1.1
Selected GCC installation: /usr/bin/../lib/gcc/x86_64-linux-gnu/5.1.1
Candidate multilib: .;@m64
Candidate multilib: 32;@m32
Candidate multilib: x32;@mx32
Selected multilib: .;@m64
 "/usr/bin/ld" -export-dynamic --eh-frame-hdr -m elf_x86_64 -dynamic-linker /lib64/ld-linux-x86-64.so.2 -o cmTryCompileExec3893709443 /usr/bin/../lib/gcc/x86_64-linux-gnu/5.1.1/../../../x86_64-linux-gnu/crt1.o /usr/bin/../lib/gcc/x86_64-linux-gnu/5.1.1/../../../x86_64-linux-gnu/crti.o /usr/bin/../lib/gcc/x86_64-linux-gnu/5.1.1/crtbegin.o -L/usr/bin/../lib/gcc/x86_64-linux-gnu/5.1.1 -L/usr/bin/../lib/gcc/x86_64-linux-gnu/5.1.1/../../../x86_64-linux-gnu -L/usr/bin/../lib/gcc/x86_64-linux-gnu/5.1.1/../../../../lib64 -L/lib/x86_64-linux-gnu -L/lib/../lib64 -L/usr/lib/x86_64-linux-gnu -L/usr/lib/../lib64 -L/usr/lib/x86_64-linux-gnu/../../lib64 -L/usr/bin/../lib/gcc/x86_64-linux-gnu/5.1.1/../../.. -L/usr/lib/llvm-3.6/bin/../lib -L/lib -L/usr/lib CMakeFiles/cmTryCompileExec3893709443.dir/CMakeCXXCompilerABI.cpp.o -lstdc++ -lm -lgcc_s -lgcc -lc -lgcc_s -lgcc /usr/bin/../lib/gcc/x86_64-linux-gnu/5.1.1/crtend.o /usr/bin/../lib/gcc/x86_64-linux-gnu/5.1.1/../../../x86_64-linux-gnu/crtn.o
make[1]: Leaving directory '/home/ragnar/Dropbox/datorgrafik/EDAN35_Assignment2/CMakeFiles/CMakeTmp'


Parsed CXX implicit link information from above output:
  link line regex: [^( *|.*[/\])(ld|([^/\]+-)?ld|collect2)[^/\]*( |$)]
  ignore line: [Change Dir: /home/ragnar/Dropbox/datorgrafik/EDAN35_Assignment2/CMakeFiles/CMakeTmp]
  ignore line: []
  ignore line: [Run Build Command:"/usr/bin/make" "cmTryCompileExec3893709443/fast"]
  ignore line: [/usr/bin/make -f CMakeFiles/cmTryCompileExec3893709443.dir/build.make CMakeFiles/cmTryCompileExec3893709443.dir/build]
  ignore line: [make[1]: Entering directory '/home/ragnar/Dropbox/datorgrafik/EDAN35_Assignment2/CMakeFiles/CMakeTmp']
  ignore line: [/usr/bin/cmake -E cmake_progress_report /home/ragnar/Dropbox/datorgrafik/EDAN35_Assignment2/CMakeFiles/CMakeTmp/CMakeFiles 1]
  ignore line: [Building CXX object CMakeFiles/cmTryCompileExec3893709443.dir/CMakeCXXCompilerABI.cpp.o]
  ignore line: [/usr/bin/clang++     -o CMakeFiles/cmTryCompileExec3893709443.dir/CMakeCXXCompilerABI.cpp.o -c /usr/share/cmake-3.0/Modules/CMakeCXXCompilerABI.cpp]
  ignore line: [Linking CXX executable cmTryCompileExec3893709443]
  ignore line: [/usr/bin/cmake -E cmake_link_script CMakeFiles/cmTryCompileExec3893709443.dir/link.txt --verbose=1]
  ignore line: [/usr/bin/clang++      -v CMakeFiles/cmTryCompileExec3893709443.dir/CMakeCXXCompilerABI.cpp.o  -o cmTryCompileExec3893709443 -rdynamic  ]
  ignore line: [Ubuntu clang version 3.6.0-2ubuntu1 (tags/RELEASE_360/final) (based on LLVM 3.6.0)]
  ignore line: [Target: x86_64-pc-linux-gnu]
  ignore line: [Thread model: posix]
  ignore line: [Found candidate GCC installation: /usr/bin/../lib/gcc/i686-linux-gnu/4.8]
  ignore line: [Found candidate GCC installation: /usr/bin/../lib/gcc/i686-linux-gnu/4.8.4]
  ignore line: [Found candidate GCC installation: /usr/bin/../lib/gcc/i686-linux-gnu/4.9]
  ignore line: [Found candidate GCC installation: /usr/bin/../lib/gcc/i686-linux-gnu/4.9.2]
  ignore line: [Found candidate GCC installation: /usr/bin/../lib/gcc/i686-linux-gnu/5.1.1]
  ignore line: [Found candidate GCC installation: /usr/bin/../lib/gcc/x86_64-linux-gnu/4.8]
  ignore line: [Found candidate GCC installation: /usr/bin/../lib/gcc/x86_64-linux-gnu/4.8.4]
  ignore line: [Found candidate GCC installation: /usr/bin/../lib/gcc/x86_64-linux-gnu/4.9]
  ignore line: [Found candidate GCC installation: /usr/bin/../lib/gcc/x86_64-linux-gnu/4.9.2]
  ignore line: [Found candidate GCC installation: /usr/bin/../lib/gcc/x86_64-linux-gnu/5.1.1]
  ignore line: [Found candidate GCC installation: /usr/lib/gcc/i686-linux-gnu/4.8]
  ignore line: [Found candidate GCC installation: /usr/lib/gcc/i686-linux-gnu/4.8.4]
  ignore line: [Found candidate GCC installation: /usr/lib/gcc/i686-linux-gnu/4.9]
  ignore line: [Found candidate GCC installation: /usr/lib/gcc/i686-linux-gnu/4.9.2]
  ignore line: [Found candidate GCC installation: /usr/lib/gcc/i686-linux-gnu/5.1.1]
  ignore line: [Found candidate GCC installation: /usr/lib/gcc/x86_64-linux-gnu/4.8]
  ignore line: [Found candidate GCC installation: /usr/lib/gcc/x86_64-linux-gnu/4.8.4]
  ignore line: [Found candidate GCC installation: /usr/lib/gcc/x86_64-linux-gnu/4.9]
  ignore line: [Found candidate GCC installation: /usr/lib/gcc/x86_64-linux-gnu/4.9.2]
  ignore line: [Found candidate GCC installation: /usr/lib/gcc/x86_64-linux-gnu/5.1.1]
  ignore line: [Selected GCC installation: /usr/bin/../lib/gcc/x86_64-linux-gnu/5.1.1]
  ignore line: [Candidate multilib: .]
  ignore line: [@m64]
  ignore line: [Candidate multilib: 32]
  ignore line: [@m32]
  ignore line: [Candidate multilib: x32]
  ignore line: [@mx32]
  ignore line: [Selected multilib: .]
  ignore line: [@m64]
  link line: [ "/usr/bin/ld" -export-dynamic --eh-frame-hdr -m elf_x86_64 -dynamic-linker /lib64/ld-linux-x86-64.so.2 -o cmTryCompileExec3893709443 /usr/bin/../lib/gcc/x86_64-linux-gnu/5.1.1/../../../x86_64-linux-gnu/crt1.o /usr/bin/../lib/gcc/x86_64-linux-gnu/5.1.1/../../../x86_64-linux-gnu/crti.o /usr/bin/../lib/gcc/x86_64-linux-gnu/5.1.1/crtbegin.o -L/usr/bin/../lib/gcc/x86_64-linux-gnu/5.1.1 -L/usr/bin/../lib/gcc/x86_64-linux-gnu/5.1.1/../../../x86_64-linux-gnu -L/usr/bin/../lib/gcc/x86_64-linux-gnu/5.1.1/../../../../lib64 -L/lib/x86_64-linux-gnu -L/lib/../lib64 -L/usr/lib/x86_64-linux-gnu -L/usr/lib/../lib64 -L/usr/lib/x86_64-linux-gnu/../../lib64 -L/usr/bin/../lib/gcc/x86_64-linux-gnu/5.1.1/../../.. -L/usr/lib/llvm-3.6/bin/../lib -L/lib -L/usr/lib CMakeFiles/cmTryCompileExec3893709443.dir/CMakeCXXCompilerABI.cpp.o -lstdc++ -lm -lgcc_s -lgcc -lc -lgcc_s -lgcc /usr/bin/../lib/gcc/x86_64-linux-gnu/5.1.1/crtend.o /usr/bin/../lib/gcc/x86_64-linux-gnu/5.1.1/../../../x86_64-linux-gnu/crtn.o]
    arg [/usr/bin/ld] ==> ignore
    arg [-export-dynamic] ==> ignore
    arg [--eh-frame-hdr] ==> ignore
    arg [-m] ==> ignore
    arg [elf_x86_64] ==> ignore
    arg [-dynamic-linker] ==> ignore
    arg [/lib64/ld-linux-x86-64.so.2] ==> ignore
    arg [-o] ==> ignore
    arg [cmTryCompileExec3893709443] ==> ignore
    arg [/usr/bin/../lib/gcc/x86_64-linux-gnu/5.1.1/../../../x86_64-linux-gnu/crt1.o] ==> ignore
    arg [/usr/bin/../lib/gcc/x86_64-linux-gnu/5.1.1/../../../x86_64-linux-gnu/crti.o] ==> ignore
    arg [/usr/bin/../lib/gcc/x86_64-linux-gnu/5.1.1/crtbegin.o] ==> ignore
    arg [-L/usr/bin/../lib/gcc/x86_64-linux-gnu/5.1.1] ==> dir [/usr/bin/../lib/gcc/x86_64-linux-gnu/5.1.1]
    arg [-L/usr/bin/../lib/gcc/x86_64-linux-gnu/5.1.1/../../../x86_64-linux-gnu] ==> dir [/usr/bin/../lib/gcc/x86_64-linux-gnu/5.1.1/../../../x86_64-linux-gnu]
    arg [-L/usr/bin/../lib/gcc/x86_64-linux-gnu/5.1.1/../../../../lib64] ==> dir [/usr/bin/../lib/gcc/x86_64-linux-gnu/5.1.1/../../../../lib64]
    arg [-L/lib/x86_64-linux-gnu] ==> dir [/lib/x86_64-linux-gnu]
    arg [-L/lib/../lib64] ==> dir [/lib/../lib64]
    arg [-L/usr/lib/x86_64-linux-gnu] ==> dir [/usr/lib/x86_64-linux-gnu]
    arg [-L/usr/lib/../lib64] ==> dir [/usr/lib/../lib64]
    arg [-L/usr/lib/x86_64-linux-gnu/../../lib64] ==> dir [/usr/lib/x86_64-linux-gnu/../../lib64]
    arg [-L/usr/bin/../lib/gcc/x86_64-linux-gnu/5.1.1/../../..] ==> dir [/usr/bin/../lib/gcc/x86_64-linux-gnu/5.1.1/../../..]
    arg [-L/usr/lib/llvm-3.6/bin/../lib] ==> dir [/usr/lib/llvm-3.6/bin/../lib]
    arg [-L/lib] ==> dir [/lib]
    arg [-L/usr/lib] ==> dir [/usr/lib]
    arg [CMakeFiles/cmTryCompileExec3893709443.dir/CMakeCXXCompilerABI.cpp.o] ==> ignore
    arg [-lstdc++] ==> lib [stdc++]
    arg [-lm] ==> lib [m]
    arg [-lgcc_s] ==> lib [gcc_s]
    arg [-lgcc] ==> lib [gcc]
    arg [-lc] ==> lib [c]
    arg [-lgcc_s] ==> lib [gcc_s]
    arg [-lgcc] ==> lib [gcc]
    arg [/usr/bin/../lib/gcc/x86_64-linux-gnu/5.1.1/crtend.o] ==> ignore
    arg [/usr/bin/../lib/gcc/x86_64-linux-gnu/5.1.1/../../../x86_64-linux-gnu/crtn.o] ==> ignore
  remove lib [gcc_s]
  remove lib [gcc]
  remove lib [gcc_s]
  remove lib [gcc]
  collapse library dir [/usr/bin/../lib/gcc/x86_64-linux-gnu/5.1.1] ==> [/usr/lib/gcc/x86_64-linux-gnu/5.1.1]
  collapse library dir [/usr/bin/../lib/gcc/x86_64-linux-gnu/5.1.1/../../../x86_64-linux-gnu] ==> [/usr/lib/x86_64-linux-gnu]
  collapse library dir [/usr/bin/../lib/gcc/x86_64-linux-gnu/5.1.1/../../../../lib64] ==> [/usr/lib64]
  collapse library dir [/lib/x86_64-linux-gnu] ==> [/lib/x86_64-linux-gnu]
  collapse library dir [/lib/../lib64] ==> [/lib64]
  collapse library dir [/usr/lib/x86_64-linux-gnu] ==> [/usr/lib/x86_64-linux-gnu]
  collapse library dir [/usr/lib/../lib64] ==> [/usr/lib64]
  collapse library dir [/usr/lib/x86_64-linux-gnu/../../lib64] ==> [/usr/lib64]
  collapse library dir [/usr/bin/../lib/gcc/x86_64-linux-gnu/5.1.1/../../..] ==> [/usr/lib]
  collapse library dir [/usr/lib/llvm-3.6/bin/../lib] ==> [/usr/lib/llvm-3.6/lib]
  collapse library dir [/lib] ==> [/lib]
  collapse library dir [/usr/lib] ==> [/usr/lib]
  implicit libs: [stdc++;m;c]
  implicit dirs: [/usr/lib/gcc/x86_64-linux-gnu/5.1.1;/usr/lib/x86_64-linux-gnu;/usr/lib64;/lib/x86_64-linux-gnu;/lib64;/usr/lib;/usr/lib/llvm-3.6/lib;/lib]
  implicit fwks: []


Determining if the C compiler works passed with the following output:
Change Dir: /home/ragnar/Dropbox/datorgrafik/EDAN35_Assignment2/CMakeFiles/CMakeTmp

Run Build Command:"/usr/bin/make" "cmTryCompileExec4085988593/fast"
/usr/bin/make -f CMakeFiles/cmTryCompileExec4085988593.dir/build.make CMakeFiles/cmTryCompileExec4085988593.dir/build
make[1]: Entering directory '/home/ragnar/Dropbox/datorgrafik/EDAN35_Assignment2/CMakeFiles/CMakeTmp'
/usr/bin/cmake -E cmake_progress_report /home/ragnar/Dropbox/datorgrafik/EDAN35_Assignment2/CMakeFiles/CMakeTmp/CMakeFiles 1
Building C object CMakeFiles/cmTryCompileExec4085988593.dir/testCCompiler.c.o
/usr/bin/clang    -o CMakeFiles/cmTryCompileExec4085988593.dir/testCCompiler.c.o   -c /home/ragnar/Dropbox/datorgrafik/EDAN35_Assignment2/CMakeFiles/CMakeTmp/testCCompiler.c
Linking C executable cmTryCompileExec4085988593
/usr/bin/cmake -E cmake_link_script CMakeFiles/cmTryCompileExec4085988593.dir/link.txt --verbose=1
/usr/bin/clang       CMakeFiles/cmTryCompileExec4085988593.dir/testCCompiler.c.o  -o cmTryCompileExec4085988593 -rdynamic 
make[1]: Leaving directory '/home/ragnar/Dropbox/datorgrafik/EDAN35_Assignment2/CMakeFiles/CMakeTmp'


Detecting C compiler ABI info compiled with the following output:
Change Dir: /home/ragnar/Dropbox/datorgrafik/EDAN35_Assignment2/CMakeFiles/CMakeTmp

Run Build Command:"/usr/bin/make" "cmTryCompileExec3314638887/fast"
/usr/bin/make -f CMakeFiles/cmTryCompileExec3314638887.dir/build.make CMakeFiles/cmTryCompileExec3314638887.dir/build
make[1]: Entering directory '/home/ragnar/Dropbox/datorgrafik/EDAN35_Assignment2/CMakeFiles/CMakeTmp'
/usr/bin/cmake -E cmake_progress_report /home/ragnar/Dropbox/datorgrafik/EDAN35_Assignment2/CMakeFiles/CMakeTmp/CMakeFiles 1
Building C object CMakeFiles/cmTryCompileExec3314638887.dir/CMakeCCompilerABI.c.o
/usr/bin/clang    -o CMakeFiles/cmTryCompileExec3314638887.dir/CMakeCCompilerABI.c.o   -c /usr/share/cmake-3.0/Modules/CMakeCCompilerABI.c
Linking C executable cmTryCompileExec3314638887
/usr/bin/cmake -E cmake_link_script CMakeFiles/cmTryCompileExec3314638887.dir/link.txt --verbose=1
/usr/bin/clang     -v CMakeFiles/cmTryCompileExec3314638887.dir/CMakeCCompilerABI.c.o  -o cmTryCompileExec3314638887 -rdynamic  
Ubuntu clang version 3.6.0-2ubuntu1 (tags/RELEASE_360/final) (based on LLVM 3.6.0)
Target: x86_64-pc-linux-gnu
Thread model: posix
Found candidate GCC installation: /usr/bin/../lib/gcc/i686-linux-gnu/4.8
Found candidate GCC installation: /usr/bin/../lib/gcc/i686-linux-gnu/4.8.4
Found candidate GCC installation: /usr/bin/../lib/gcc/i686-linux-gnu/4.9
Found candidate GCC installation: /usr/bin/../lib/gcc/i686-linux-gnu/4.9.2
Found candidate GCC installation: /usr/bin/../lib/gcc/i686-linux-gnu/5.1.1
Found candidate GCC installation: /usr/bin/../lib/gcc/x86_64-linux-gnu/4.8
Found candidate GCC installation: /usr/bin/../lib/gcc/x86_64-linux-gnu/4.8.4
Found candidate GCC installation: /usr/bin/../lib/gcc/x86_64-linux-gnu/4.9
Found candidate GCC installation: /usr/bin/../lib/gcc/x86_64-linux-gnu/4.9.2
Found candidate GCC installation: /usr/bin/../lib/gcc/x86_64-linux-gnu/5.1.1
Found candidate GCC installation: /usr/lib/gcc/i686-linux-gnu/4.8
Found candidate GCC installation: /usr/lib/gcc/i686-linux-gnu/4.8.4
Found candidate GCC installation: /usr/lib/gcc/i686-linux-gnu/4.9
Found candidate GCC installation: /usr/lib/gcc/i686-linux-gnu/4.9.2
Found candidate GCC installation: /usr/lib/gcc/i686-linux-gnu/5.1.1
Found candidate GCC installation: /usr/lib/gcc/x86_64-linux-gnu/4.8
Found candidate GCC installation: /usr/lib/gcc/x86_64-linux-gnu/4.8.4
Found candidate GCC installation: /usr/lib/gcc/x86_64-linux-gnu/4.9
Found candidate GCC installation: /usr/lib/gcc/x86_64-linux-gnu/4.9.2
Found candidate GCC installation: /usr/lib/gcc/x86_64-linux-gnu/5.1.1
Selected GCC installation: /usr/bin/../lib/gcc/x86_64-linux-gnu/5.1.1
Candidate multilib: .;@m64
Candidate multilib: 32;@m32
Candidate multilib: x32;@mx32
Selected multilib: .;@m64
 "/usr/bin/ld" -export-dynamic --eh-frame-hdr -m elf_x86_64 -dynamic-linker /lib64/ld-linux-x86-64.so.2 -o cmTryCompileExec3314638887 /usr/bin/../lib/gcc/x86_64-linux-gnu/5.1.1/../../../x86_64-linux-gnu/crt1.o /usr/bin/../lib/gcc/x86_64-linux-gnu/5.1.1/../../../x86_64-linux-gnu/crti.o /usr/bin/../lib/gcc/x86_64-linux-gnu/5.1.1/crtbegin.o -L/usr/bin/../lib/gcc/x86_64-linux-gnu/5.1.1 -L/usr/bin/../lib/gcc/x86_64-linux-gnu/5.1.1/../../../x86_64-linux-gnu -L/usr/bin/../lib/gcc/x86_64-linux-gnu/5.1.1/../../../../lib64 -L/lib/x86_64-linux-gnu -L/lib/../lib64 -L/usr/lib/x86_64-linux-gnu -L/usr/lib/../lib64 -L/usr/lib/x86_64-linux-gnu/../../lib64 -L/usr/bin/../lib/gcc/x86_64-linux-gnu/5.1.1/../../.. -L/usr/lib/llvm-3.6/bin/../lib -L/lib -L/usr/lib CMakeFiles/cmTryCompileExec3314638887.dir/CMakeCCompilerABI.c.o -lgcc --as-needed -lgcc_s --no-as-needed -lc -lgcc --as-needed -lgcc_s --no-as-needed /usr/bin/../lib/gcc/x86_64-linux-gnu/5.1.1/crtend.o /usr/bin/../lib/gcc/x86_64-linux-gnu/5.1.1/../../../x86_64-linux-gnu/crtn.o
make[1]: Leaving directory '/home/ragnar/Dropbox/datorgrafik/EDAN35_Assignment2/CMakeFiles/CMakeTmp'


Parsed C implicit link information from above output:
  link line regex: [^( *|.*[/\])(ld|([^/\]+-)?ld|collect2)[^/\]*( |$)]
  ignore line: [Change Dir: /home/ragnar/Dropbox/datorgrafik/EDAN35_Assignment2/CMakeFiles/CMakeTmp]
  ignore line: []
  ignore line: [Run Build Command:"/usr/bin/make" "cmTryCompileExec3314638887/fast"]
  ignore line: [/usr/bin/make -f CMakeFiles/cmTryCompileExec3314638887.dir/build.make CMakeFiles/cmTryCompileExec3314638887.dir/build]
  ignore line: [make[1]: Entering directory '/home/ragnar/Dropbox/datorgrafik/EDAN35_Assignment2/CMakeFiles/CMakeTmp']
  ignore line: [/usr/bin/cmake -E cmake_progress_report /home/ragnar/Dropbox/datorgrafik/EDAN35_Assignment2/CMakeFiles/CMakeTmp/CMakeFiles 1]
  ignore line: [Building C object CMakeFiles/cmTryCompileExec3314638887.dir/CMakeCCompilerABI.c.o]
  ignore line: [/usr/bin/clang    -o CMakeFiles/cmTryCompileExec3314638887.dir/CMakeCCompilerABI.c.o   -c /usr/share/cmake-3.0/Modules/CMakeCCompilerABI.c]
  ignore line: [Linking C executable cmTryCompileExec3314638887]
  ignore line: [/usr/bin/cmake -E cmake_link_script CMakeFiles/cmTryCompileExec3314638887.dir/link.txt --verbose=1]
  ignore line: [/usr/bin/clang     -v CMakeFiles/cmTryCompileExec3314638887.dir/CMakeCCompilerABI.c.o  -o cmTryCompileExec3314638887 -rdynamic  ]
  ignore line: [Ubuntu clang version 3.6.0-2ubuntu1 (tags/RELEASE_360/final) (based on LLVM 3.6.0)]
  ignore line: [Target: x86_64-pc-linux-gnu]
  ignore line: [Thread model: posix]
  ignore line: [Found candidate GCC installation: /usr/bin/../lib/gcc/i686-linux-gnu/4.8]
  ignore line: [Found candidate GCC installation: /usr/bin/../lib/gcc/i686-linux-gnu/4.8.4]
  ignore line: [Found candidate GCC installation: /usr/bin/../lib/gcc/i686-linux-gnu/4.9]
  ignore line: [Found candidate GCC installation: /usr/bin/../lib/gcc/i686-linux-gnu/4.9.2]
  ignore line: [Found candidate GCC installation: /usr/bin/../lib/gcc/i686-linux-gnu/5.1.1]
  ignore line: [Found candidate GCC installation: /usr/bin/../lib/gcc/x86_64-linux-gnu/4.8]
  ignore line: [Found candidate GCC installation: /usr/bin/../lib/gcc/x86_64-linux-gnu/4.8.4]
  ignore line: [Found candidate GCC installation: /usr/bin/../lib/gcc/x86_64-linux-gnu/4.9]
  ignore line: [Found candidate GCC installation: /usr/bin/../lib/gcc/x86_64-linux-gnu/4.9.2]
  ignore line: [Found candidate GCC installation: /usr/bin/../lib/gcc/x86_64-linux-gnu/5.1.1]
  ignore line: [Found candidate GCC installation: /usr/lib/gcc/i686-linux-gnu/4.8]
  ignore line: [Found candidate GCC installation: /usr/lib/gcc/i686-linux-gnu/4.8.4]
  ignore line: [Found candidate GCC installation: /usr/lib/gcc/i686-linux-gnu/4.9]
  ignore line: [Found candidate GCC installation: /usr/lib/gcc/i686-linux-gnu/4.9.2]
  ignore line: [Found candidate GCC installation: /usr/lib/gcc/i686-linux-gnu/5.1.1]
  ignore line: [Found candidate GCC installation: /usr/lib/gcc/x86_64-linux-gnu/4.8]
  ignore line: [Found candidate GCC installation: /usr/lib/gcc/x86_64-linux-gnu/4.8.4]
  ignore line: [Found candidate GCC installation: /usr/lib/gcc/x86_64-linux-gnu/4.9]
  ignore line: [Found candidate GCC installation: /usr/lib/gcc/x86_64-linux-gnu/4.9.2]
  ignore line: [Found candidate GCC installation: /usr/lib/gcc/x86_64-linux-gnu/5.1.1]
  ignore line: [Selected GCC installation: /usr/bin/../lib/gcc/x86_64-linux-gnu/5.1.1]
  ignore line: [Candidate multilib: .]
  ignore line: [@m64]
  ignore line: [Candidate multilib: 32]
  ignore line: [@m32]
  ignore line: [Candidate multilib: x32]
  ignore line: [@mx32]
  ignore line: [Selected multilib: .]
  ignore line: [@m64]
  link line: [ "/usr/bin/ld" -export-dynamic --eh-frame-hdr -m elf_x86_64 -dynamic-linker /lib64/ld-linux-x86-64.so.2 -o cmTryCompileExec3314638887 /usr/bin/../lib/gcc/x86_64-linux-gnu/5.1.1/../../../x86_64-linux-gnu/crt1.o /usr/bin/../lib/gcc/x86_64-linux-gnu/5.1.1/../../../x86_64-linux-gnu/crti.o /usr/bin/../lib/gcc/x86_64-linux-gnu/5.1.1/crtbegin.o -L/usr/bin/../lib/gcc/x86_64-linux-gnu/5.1.1 -L/usr/bin/../lib/gcc/x86_64-linux-gnu/5.1.1/../../../x86_64-linux-gnu -L/usr/bin/../lib/gcc/x86_64-linux-gnu/5.1.1/../../../../lib64 -L/lib/x86_64-linux-gnu -L/lib/../lib64 -L/usr/lib/x86_64-linux-gnu -L/usr/lib/../lib64 -L/usr/lib/x86_64-linux-gnu/../../lib64 -L/usr/bin/../lib/gcc/x86_64-linux-gnu/5.1.1/../../.. -L/usr/lib/llvm-3.6/bin/../lib -L/lib -L/usr/lib CMakeFiles/cmTryCompileExec3314638887.dir/CMakeCCompilerABI.c.o -lgcc --as-needed -lgcc_s --no-as-needed -lc -lgcc --as-needed -lgcc_s --no-as-needed /usr/bin/../lib/gcc/x86_64-linux-gnu/5.1.1/crtend.o /usr/bin/../lib/gcc/x86_64-linux-gnu/5.1.1/../../../x86_64-linux-gnu/crtn.o]
    arg [/usr/bin/ld] ==> ignore
    arg [-export-dynamic] ==> ignore
    arg [--eh-frame-hdr] ==> ignore
    arg [-m] ==> ignore
    arg [elf_x86_64] ==> ignore
    arg [-dynamic-linker] ==> ignore
    arg [/lib64/ld-linux-x86-64.so.2] ==> ignore
    arg [-o] ==> ignore
    arg [cmTryCompileExec3314638887] ==> ignore
    arg [/usr/bin/../lib/gcc/x86_64-linux-gnu/5.1.1/../../../x86_64-linux-gnu/crt1.o] ==> ignore
    arg [/usr/bin/../lib/gcc/x86_64-linux-gnu/5.1.1/../../../x86_64-linux-gnu/crti.o] ==> ignore
    arg [/usr/bin/../lib/gcc/x86_64-linux-gnu/5.1.1/crtbegin.o] ==> ignore
    arg [-L/usr/bin/../lib/gcc/x86_64-linux-gnu/5.1.1] ==> dir [/usr/bin/../lib/gcc/x86_64-linux-gnu/5.1.1]
    arg [-L/usr/bin/../lib/gcc/x86_64-linux-gnu/5.1.1/../../../x86_64-linux-gnu] ==> dir [/usr/bin/../lib/gcc/x86_64-linux-gnu/5.1.1/../../../x86_64-linux-gnu]
    arg [-L/usr/bin/../lib/gcc/x86_64-linux-gnu/5.1.1/../../../../lib64] ==> dir [/usr/bin/../lib/gcc/x86_64-linux-gnu/5.1.1/../../../../lib64]
    arg [-L/lib/x86_64-linux-gnu] ==> dir [/lib/x86_64-linux-gnu]
    arg [-L/lib/../lib64] ==> dir [/lib/../lib64]
    arg [-L/usr/lib/x86_64-linux-gnu] ==> dir [/usr/lib/x86_64-linux-gnu]
    arg [-L/usr/lib/../lib64] ==> dir [/usr/lib/../lib64]
    arg [-L/usr/lib/x86_64-linux-gnu/../../lib64] ==> dir [/usr/lib/x86_64-linux-gnu/../../lib64]
    arg [-L/usr/bin/../lib/gcc/x86_64-linux-gnu/5.1.1/../../..] ==> dir [/usr/bin/../lib/gcc/x86_64-linux-gnu/5.1.1/../../..]
    arg [-L/usr/lib/llvm-3.6/bin/../lib] ==> dir [/usr/lib/llvm-3.6/bin/../lib]
    arg [-L/lib] ==> dir [/lib]
    arg [-L/usr/lib] ==> dir [/usr/lib]
    arg [CMakeFiles/cmTryCompileExec3314638887.dir/CMakeCCompilerABI.c.o] ==> ignore
    arg [-lgcc] ==> lib [gcc]
    arg [--as-needed] ==> ignore
    arg [-lgcc_s] ==> lib [gcc_s]
    arg [--no-as-needed] ==> ignore
    arg [-lc] ==> lib [c]
    arg [-lgcc] ==> lib [gcc]
    arg [--as-needed] ==> ignore
    arg [-lgcc_s] ==> lib [gcc_s]
    arg [--no-as-needed] ==> ignore
    arg [/usr/bin/../lib/gcc/x86_64-linux-gnu/5.1.1/crtend.o] ==> ignore
    arg [/usr/bin/../lib/gcc/x86_64-linux-gnu/5.1.1/../../../x86_64-linux-gnu/crtn.o] ==> ignore
  remove lib [gcc]
  remove lib [gcc_s]
  remove lib [gcc]
  remove lib [gcc_s]
  collapse library dir [/usr/bin/../lib/gcc/x86_64-linux-gnu/5.1.1] ==> [/usr/lib/gcc/x86_64-linux-gnu/5.1.1]
  collapse library dir [/usr/bin/../lib/gcc/x86_64-linux-gnu/5.1.1/../../../x86_64-linux-gnu] ==> [/usr/lib/x86_64-linux-gnu]
  collapse library dir [/usr/bin/../lib/gcc/x86_64-linux-gnu/5.1.1/../../../../lib64] ==> [/usr/lib64]
  collapse library dir [/lib/x86_64-linux-gnu] ==> [/lib/x86_64-linux-gnu]
  collapse library dir [/lib/../lib64] ==> [/lib64]
  collapse library dir [/usr/lib/x86_64-linux-gnu] ==> [/usr/lib/x86_64-linux-gnu]
  collapse library dir [/usr/lib/../lib64] ==> [/usr/lib64]
  collapse library dir [/usr/lib/x86_64-linux-gnu/../../lib64] ==> [/usr/lib64]
  collapse library dir [/usr/bin/../lib/gcc/x86_64-linux-gnu/5.1.1/../../..] ==> [/usr/lib]
  collapse library dir [/usr/lib/llvm-3.6/bin/../lib] ==> [/usr/lib/llvm-3.6/lib]
  collapse library dir [/lib] ==> [/lib]
  collapse library dir [/usr/lib] ==> [/usr/lib]
  implicit libs: [c]
  implicit dirs: [/usr/lib/gcc/x86_64-linux-gnu/5.1.1;/usr/lib/x86_64-linux-gnu;/usr/lib64;/lib/x86_64-linux-gnu;/lib64;/usr/lib;/usr/lib/llvm-3.6/lib;/lib]
  implicit fwks: []


Determining if the function XOpenDisplay exists in the /usr/lib/x86_64-linux-gnu/libX11.so;/usr/lib/x86_64-linux-gnu/libXext.so passed with the following output:
Change Dir: /home/ragnar/Dropbox/datorgrafik/EDAN35_Assignment2/CMakeFiles/CMakeTmp

Run Build Command:"/usr/bin/make" "cmTryCompileExec1733731740/fast"
/usr/bin/make -f CMakeFiles/cmTryCompileExec1733731740.dir/build.make CMakeFiles/cmTryCompileExec1733731740.dir/build
make[1]: Entering directory '/home/ragnar/Dropbox/datorgrafik/EDAN35_Assignment2/CMakeFiles/CMakeTmp'
/usr/bin/cmake -E cmake_progress_report /home/ragnar/Dropbox/datorgrafik/EDAN35_Assignment2/CMakeFiles/CMakeTmp/CMakeFiles 1
Building C object CMakeFiles/cmTryCompileExec1733731740.dir/CheckFunctionExists.c.o
/usr/bin/clang   -DCHECK_FUNCTION_EXISTS=XOpenDisplay   -o CMakeFiles/cmTryCompileExec1733731740.dir/CheckFunctionExists.c.o   -c /usr/share/cmake-3.0/Modules/CheckFunctionExists.c
Linking C executable cmTryCompileExec1733731740
/usr/bin/cmake -E cmake_link_script CMakeFiles/cmTryCompileExec1733731740.dir/link.txt --verbose=1
/usr/bin/clang   -DCHECK_FUNCTION_EXISTS=XOpenDisplay    CMakeFiles/cmTryCompileExec1733731740.dir/CheckFunctionExists.c.o  -o cmTryCompileExec1733731740 -rdynamic -lX11 -lXext 
make[1]: Leaving directory '/home/ragnar/Dropbox/datorgrafik/EDAN35_Assignment2/CMakeFiles/CMakeTmp'


Determining if the function gethostbyname exists passed with the following output:
Change Dir: /home/ragnar/Dropbox/datorgrafik/EDAN35_Assignment2/CMakeFiles/CMakeTmp

Run Build Command:"/usr/bin/make" "cmTryCompileExec1481308724/fast"
/usr/bin/make -f CMakeFiles/cmTryCompileExec1481308724.dir/build.make CMakeFiles/cmTryCompileExec1481308724.dir/build
make[1]: Entering directory '/home/ragnar/Dropbox/datorgrafik/EDAN35_Assignment2/CMakeFiles/CMakeTmp'
/usr/bin/cmake -E cmake_progress_report /home/ragnar/Dropbox/datorgrafik/EDAN35_Assignment2/CMakeFiles/CMakeTmp/CMakeFiles 1
Building C object CMakeFiles/cmTryCompileExec1481308724.dir/CheckFunctionExists.c.o
/usr/bin/clang   -DCHECK_FUNCTION_EXISTS=gethostbyname   -o CMakeFiles/cmTryCompileExec1481308724.dir/CheckFunctionExists.c.o   -c /usr/share/cmake-3.0/Modules/CheckFunctionExists.c
Linking C executable cmTryCompileExec1481308724
/usr/bin/cmake -E cmake_link_script CMakeFiles/cmTryCompileExec1481308724.dir/link.txt --verbose=1
/usr/bin/clang   -DCHECK_FUNCTION_EXISTS=gethostbyname    CMakeFiles/cmTryCompileExec1481308724.dir/CheckFunctionExists.c.o  -o cmTryCompileExec1481308724 -rdynamic 
make[1]: Leaving directory '/home/ragnar/Dropbox/datorgrafik/EDAN35_Assignment2/CMakeFiles/CMakeTmp'


Determining if the function connect exists passed with the following output:
Change Dir: /home/ragnar/Dropbox/datorgrafik/EDAN35_Assignment2/CMakeFiles/CMakeTmp

Run Build Command:"/usr/bin/make" "cmTryCompileExec3784356275/fast"
/usr/bin/make -f CMakeFiles/cmTryCompileExec3784356275.dir/build.make CMakeFiles/cmTryCompileExec3784356275.dir/build
make[1]: Entering directory '/home/ragnar/Dropbox/datorgrafik/EDAN35_Assignment2/CMakeFiles/CMakeTmp'
/usr/bin/cmake -E cmake_progress_report /home/ragnar/Dropbox/datorgrafik/EDAN35_Assignment2/CMakeFiles/CMakeTmp/CMakeFiles 1
Building C object CMakeFiles/cmTryCompileExec3784356275.dir/CheckFunctionExists.c.o
/usr/bin/clang   -DCHECK_FUNCTION_EXISTS=connect   -o CMakeFiles/cmTryCompileExec3784356275.dir/CheckFunctionExists.c.o   -c /usr/share/cmake-3.0/Modules/CheckFunctionExists.c
Linking C executable cmTryCompileExec3784356275
/usr/bin/cmake -E cmake_link_script CMakeFiles/cmTryCompileExec3784356275.dir/link.txt --verbose=1
/usr/bin/clang   -DCHECK_FUNCTION_EXISTS=connect    CMakeFiles/cmTryCompileExec3784356275.dir/CheckFunctionExists.c.o  -o cmTryCompileExec3784356275 -rdynamic 
make[1]: Leaving directory '/home/ragnar/Dropbox/datorgrafik/EDAN35_Assignment2/CMakeFiles/CMakeTmp'


Determining if the function remove exists passed with the following output:
Change Dir: /home/ragnar/Dropbox/datorgrafik/EDAN35_Assignment2/CMakeFiles/CMakeTmp

Run Build Command:"/usr/bin/make" "cmTryCompileExec3761387331/fast"
/usr/bin/make -f CMakeFiles/cmTryCompileExec3761387331.dir/build.make CMakeFiles/cmTryCompileExec3761387331.dir/build
make[1]: Entering directory '/home/ragnar/Dropbox/datorgrafik/EDAN35_Assignment2/CMakeFiles/CMakeTmp'
/usr/bin/cmake -E cmake_progress_report /home/ragnar/Dropbox/datorgrafik/EDAN35_Assignment2/CMakeFiles/CMakeTmp/CMakeFiles 1
Building C object CMakeFiles/cmTryCompileExec3761387331.dir/CheckFunctionExists.c.o
/usr/bin/clang   -DCHECK_FUNCTION_EXISTS=remove   -o CMakeFiles/cmTryCompileExec3761387331.dir/CheckFunctionExists.c.o   -c /usr/share/cmake-3.0/Modules/CheckFunctionExists.c
Linking C executable cmTryCompileExec3761387331
/usr/bin/cmake -E cmake_link_script CMakeFiles/cmTryCompileExec3761387331.dir/link.txt --verbose=1
/usr/bin/clang   -DCHECK_FUNCTION_EXISTS=remove    CMakeFiles/cmTryCompileExec3761387331.dir/CheckFunctionExists.c.o  -o cmTryCompileExec3761387331 -rdynamic 
make[1]: Leaving directory '/home/ragnar/Dropbox/datorgrafik/EDAN35_Assignment2/CMakeFiles/CMakeTmp'


Determining if the function shmat exists passed with the following output:
Change Dir: /home/ragnar/Dropbox/datorgrafik/EDAN35_Assignment2/CMakeFiles/CMakeTmp

Run Build Command:"/usr/bin/make" "cmTryCompileExec565916015/fast"
/usr/bin/make -f CMakeFiles/cmTryCompileExec565916015.dir/build.make CMakeFiles/cmTryCompileExec565916015.dir/build
make[1]: Entering directory '/home/ragnar/Dropbox/datorgrafik/EDAN35_Assignment2/CMakeFiles/CMakeTmp'
/usr/bin/cmake -E cmake_progress_report /home/ragnar/Dropbox/datorgrafik/EDAN35_Assignment2/CMakeFiles/CMakeTmp/CMakeFiles 1
Building C object CMakeFiles/cmTryCompileExec565916015.dir/CheckFunctionExists.c.o
/usr/bin/clang   -DCHECK_FUNCTION_EXISTS=shmat   -o CMakeFiles/cmTryCompileExec565916015.dir/CheckFunctionExists.c.o   -c /usr/share/cmake-3.0/Modules/CheckFunctionExists.c
Linking C executable cmTryCompileExec565916015
/usr/bin/cmake -E cmake_link_script CMakeFiles/cmTryCompileExec565916015.dir/link.txt --verbose=1
/usr/bin/clang   -DCHECK_FUNCTION_EXISTS=shmat    CMakeFiles/cmTryCompileExec565916015.dir/CheckFunctionExists.c.o  -o cmTryCompileExec565916015 -rdynamic 
make[1]: Leaving directory '/home/ragnar/Dropbox/datorgrafik/EDAN35_Assignment2/CMakeFiles/CMakeTmp'


Determining if the function IceConnectionNumber exists in the ICE passed with the following output:
Change Dir: /home/ragnar/Dropbox/datorgrafik/EDAN35_Assignment2/CMakeFiles/CMakeTmp

Run Build Command:"/usr/bin/make" "cmTryCompileExec3842837183/fast"
/usr/bin/make -f CMakeFiles/cmTryCompileExec3842837183.dir/build.make CMakeFiles/cmTryCompileExec3842837183.dir/build
make[1]: Entering directory '/home/ragnar/Dropbox/datorgrafik/EDAN35_Assignment2/CMakeFiles/CMakeTmp'
/usr/bin/cmake -E cmake_progress_report /home/ragnar/Dropbox/datorgrafik/EDAN35_Assignment2/CMakeFiles/CMakeTmp/CMakeFiles 1
Building C object CMakeFiles/cmTryCompileExec3842837183.dir/CheckFunctionExists.c.o
/usr/bin/clang   -DCHECK_FUNCTION_EXISTS=IceConnectionNumber   -o CMakeFiles/cmTryCompileExec3842837183.dir/CheckFunctionExists.c.o   -c /usr/share/cmake-3.0/Modules/CheckFunctionExists.c
Linking C executable cmTryCompileExec3842837183
/usr/bin/cmake -E cmake_link_script CMakeFiles/cmTryCompileExec3842837183.dir/link.txt --verbose=1
/usr/bin/clang   -DCHECK_FUNCTION_EXISTS=IceConnectionNumber    CMakeFiles/cmTryCompileExec3842837183.dir/CheckFunctionExists.c.o  -o cmTryCompileExec3842837183 -rdynamic -lICE 
make[1]: Leaving directory '/home/ragnar/Dropbox/datorgrafik/EDAN35_Assignment2/CMakeFiles/CMakeTmp'


