The system is: Linux - 3.19.0-30-generic - x86_64
Compiling the C compiler identification source file "CMakeCCompilerId.c" succeeded.
Compiler: /usr/bin/cc 
Build flags: 
Id flags: 

The output was:
0


Compilation of the C compiler identification source "CMakeCCompilerId.c" produced "a.out"

The C compiler identification is GNU, found in "/home/ragnar/Dropbox/datorgrafik/EDAN35_Assignment2/glfw/build/CMakeFiles/3.0.2/CompilerIdC/a.out"

Determining if the C compiler works passed with the following output:
Change Dir: /home/ragnar/Dropbox/datorgrafik/EDAN35_Assignment2/glfw/build/CMakeFiles/CMakeTmp

Run Build Command:"/usr/bin/make" "cmTryCompileExec912387965/fast"
make[3]: Entering directory '/home/ragnar/Dropbox/datorgrafik/EDAN35_Assignment2/glfw/build/CMakeFiles/CMakeTmp'
/usr/bin/make -f CMakeFiles/cmTryCompileExec912387965.dir/build.make CMakeFiles/cmTryCompileExec912387965.dir/build
make[4]: Entering directory '/home/ragnar/Dropbox/datorgrafik/EDAN35_Assignment2/glfw/build/CMakeFiles/CMakeTmp'
/usr/bin/cmake -E cmake_progress_report /home/ragnar/Dropbox/datorgrafik/EDAN35_Assignment2/glfw/build/CMakeFiles/CMakeTmp/CMakeFiles 1
Building C object CMakeFiles/cmTryCompileExec912387965.dir/testCCompiler.c.o
/usr/bin/cc    -o CMakeFiles/cmTryCompileExec912387965.dir/testCCompiler.c.o   -c /home/ragnar/Dropbox/datorgrafik/EDAN35_Assignment2/glfw/build/CMakeFiles/CMakeTmp/testCCompiler.c
Linking C executable cmTryCompileExec912387965
/usr/bin/cmake -E cmake_link_script CMakeFiles/cmTryCompileExec912387965.dir/link.txt --verbose=1
/usr/bin/cc       CMakeFiles/cmTryCompileExec912387965.dir/testCCompiler.c.o  -o cmTryCompileExec912387965 -rdynamic 
make[4]: Leaving directory '/home/ragnar/Dropbox/datorgrafik/EDAN35_Assignment2/glfw/build/CMakeFiles/CMakeTmp'
make[3]: Leaving directory '/home/ragnar/Dropbox/datorgrafik/EDAN35_Assignment2/glfw/build/CMakeFiles/CMakeTmp'


Detecting C compiler ABI info compiled with the following output:
Change Dir: /home/ragnar/Dropbox/datorgrafik/EDAN35_Assignment2/glfw/build/CMakeFiles/CMakeTmp

Run Build Command:"/usr/bin/make" "cmTryCompileExec515310633/fast"
make[3]: Entering directory '/home/ragnar/Dropbox/datorgrafik/EDAN35_Assignment2/glfw/build/CMakeFiles/CMakeTmp'
/usr/bin/make -f CMakeFiles/cmTryCompileExec515310633.dir/build.make CMakeFiles/cmTryCompileExec515310633.dir/build
make[4]: Entering directory '/home/ragnar/Dropbox/datorgrafik/EDAN35_Assignment2/glfw/build/CMakeFiles/CMakeTmp'
/usr/bin/cmake -E cmake_progress_report /home/ragnar/Dropbox/datorgrafik/EDAN35_Assignment2/glfw/build/CMakeFiles/CMakeTmp/CMakeFiles 1
Building C object CMakeFiles/cmTryCompileExec515310633.dir/CMakeCCompilerABI.c.o
/usr/bin/cc    -o CMakeFiles/cmTryCompileExec515310633.dir/CMakeCCompilerABI.c.o   -c /usr/share/cmake-3.0/Modules/CMakeCCompilerABI.c
Linking C executable cmTryCompileExec515310633
/usr/bin/cmake -E cmake_link_script CMakeFiles/cmTryCompileExec515310633.dir/link.txt --verbose=1
/usr/bin/cc     -v CMakeFiles/cmTryCompileExec515310633.dir/CMakeCCompilerABI.c.o  -o cmTryCompileExec515310633 -rdynamic  
Using built-in specs.
COLLECT_GCC=/usr/bin/cc
COLLECT_LTO_WRAPPER=/usr/lib/gcc/x86_64-linux-gnu/5/lto-wrapper
Target: x86_64-linux-gnu
Configured with: ../src/configure -v --with-pkgversion='Ubuntu 5.1.1-4ubuntu12' --with-bugurl=file:///usr/share/doc/gcc-5/README.Bugs --enable-languages=c,ada,c++,java,go,d,fortran,objc,obj-c++ --prefix=/usr --program-suffix=-5 --enable-shared --enable-linker-build-id --libexecdir=/usr/lib --without-included-gettext --enable-threads=posix --libdir=/usr/lib --enable-nls --with-sysroot=/ --enable-clocale=gnu --enable-libstdcxx-debug --enable-libstdcxx-time=yes --with-default-libstdcxx-abi=c++11 --enable-gnu-unique-object --disable-vtable-verify --enable-libmpx --enable-plugin --with-system-zlib --disable-browser-plugin --enable-java-awt=gtk --enable-gtk-cairo --with-java-home=/usr/lib/jvm/java-1.5.0-gcj-5-amd64/jre --enable-java-home --with-jvm-root-dir=/usr/lib/jvm/java-1.5.0-gcj-5-amd64 --with-jvm-jar-dir=/usr/lib/jvm-exports/java-1.5.0-gcj-5-amd64 --with-arch-directory=amd64 --with-ecj-jar=/usr/share/java/eclipse-ecj.jar --enable-objc-gc --enable-multiarch --disable-werror --with-arch-32=i686 --with-abi=m64 --with-multilib-list=m32,m64,mx32 --enable-multilib --with-tune=generic --enable-checking=release --build=x86_64-linux-gnu --host=x86_64-linux-gnu --target=x86_64-linux-gnu
Thread model: posix
gcc version 5.1.1 20150504 (Ubuntu 5.1.1-4ubuntu12) 
COMPILER_PATH=/usr/lib/gcc/x86_64-linux-gnu/5/:/usr/lib/gcc/x86_64-linux-gnu/5/:/usr/lib/gcc/x86_64-linux-gnu/:/usr/lib/gcc/x86_64-linux-gnu/5/:/usr/lib/gcc/x86_64-linux-gnu/
LIBRARY_PATH=/usr/lib/gcc/x86_64-linux-gnu/5/:/usr/lib/gcc/x86_64-linux-gnu/5/../../../x86_64-linux-gnu/:/usr/lib/gcc/x86_64-linux-gnu/5/../../../../lib/:/lib/x86_64-linux-gnu/:/lib/../lib/:/usr/lib/x86_64-linux-gnu/:/usr/lib/../lib/:/usr/lib/gcc/x86_64-linux-gnu/5/../../../:/lib/:/usr/lib/
COLLECT_GCC_OPTIONS='-v' '-o' 'cmTryCompileExec515310633' '-rdynamic' '-mtune=generic' '-march=x86-64'
 /usr/lib/gcc/x86_64-linux-gnu/5/collect2 -plugin /usr/lib/gcc/x86_64-linux-gnu/5/liblto_plugin.so -plugin-opt=/usr/lib/gcc/x86_64-linux-gnu/5/lto-wrapper -plugin-opt=-fresolution=/tmp/cckSZ7eW.res -plugin-opt=-pass-through=-lgcc -plugin-opt=-pass-through=-lgcc_s -plugin-opt=-pass-through=-lc -plugin-opt=-pass-through=-lgcc -plugin-opt=-pass-through=-lgcc_s --sysroot=/ --build-id --eh-frame-hdr -m elf_x86_64 --hash-style=gnu -export-dynamic -dynamic-linker /lib64/ld-linux-x86-64.so.2 -z relro -o cmTryCompileExec515310633 /usr/lib/gcc/x86_64-linux-gnu/5/../../../x86_64-linux-gnu/crt1.o /usr/lib/gcc/x86_64-linux-gnu/5/../../../x86_64-linux-gnu/crti.o /usr/lib/gcc/x86_64-linux-gnu/5/crtbegin.o -L/usr/lib/gcc/x86_64-linux-gnu/5 -L/usr/lib/gcc/x86_64-linux-gnu/5/../../../x86_64-linux-gnu -L/usr/lib/gcc/x86_64-linux-gnu/5/../../../../lib -L/lib/x86_64-linux-gnu -L/lib/../lib -L/usr/lib/x86_64-linux-gnu -L/usr/lib/../lib -L/usr/lib/gcc/x86_64-linux-gnu/5/../../.. CMakeFiles/cmTryCompileExec515310633.dir/CMakeCCompilerABI.c.o -lgcc --as-needed -lgcc_s --no-as-needed -lc -lgcc --as-needed -lgcc_s --no-as-needed /usr/lib/gcc/x86_64-linux-gnu/5/crtend.o /usr/lib/gcc/x86_64-linux-gnu/5/../../../x86_64-linux-gnu/crtn.o
make[4]: Leaving directory '/home/ragnar/Dropbox/datorgrafik/EDAN35_Assignment2/glfw/build/CMakeFiles/CMakeTmp'
make[3]: Leaving directory '/home/ragnar/Dropbox/datorgrafik/EDAN35_Assignment2/glfw/build/CMakeFiles/CMakeTmp'


Parsed C implicit link information from above output:
  link line regex: [^( *|.*[/\])(ld|([^/\]+-)?ld|collect2)[^/\]*( |$)]
  ignore line: [Change Dir: /home/ragnar/Dropbox/datorgrafik/EDAN35_Assignment2/glfw/build/CMakeFiles/CMakeTmp]
  ignore line: []
  ignore line: [Run Build Command:"/usr/bin/make" "cmTryCompileExec515310633/fast"]
  ignore line: [make[3]: Entering directory '/home/ragnar/Dropbox/datorgrafik/EDAN35_Assignment2/glfw/build/CMakeFiles/CMakeTmp']
  ignore line: [/usr/bin/make -f CMakeFiles/cmTryCompileExec515310633.dir/build.make CMakeFiles/cmTryCompileExec515310633.dir/build]
  ignore line: [make[4]: Entering directory '/home/ragnar/Dropbox/datorgrafik/EDAN35_Assignment2/glfw/build/CMakeFiles/CMakeTmp']
  ignore line: [/usr/bin/cmake -E cmake_progress_report /home/ragnar/Dropbox/datorgrafik/EDAN35_Assignment2/glfw/build/CMakeFiles/CMakeTmp/CMakeFiles 1]
  ignore line: [Building C object CMakeFiles/cmTryCompileExec515310633.dir/CMakeCCompilerABI.c.o]
  ignore line: [/usr/bin/cc    -o CMakeFiles/cmTryCompileExec515310633.dir/CMakeCCompilerABI.c.o   -c /usr/share/cmake-3.0/Modules/CMakeCCompilerABI.c]
  ignore line: [Linking C executable cmTryCompileExec515310633]
  ignore line: [/usr/bin/cmake -E cmake_link_script CMakeFiles/cmTryCompileExec515310633.dir/link.txt --verbose=1]
  ignore line: [/usr/bin/cc     -v CMakeFiles/cmTryCompileExec515310633.dir/CMakeCCompilerABI.c.o  -o cmTryCompileExec515310633 -rdynamic  ]
  ignore line: [Using built-in specs.]
  ignore line: [COLLECT_GCC=/usr/bin/cc]
  ignore line: [COLLECT_LTO_WRAPPER=/usr/lib/gcc/x86_64-linux-gnu/5/lto-wrapper]
  ignore line: [Target: x86_64-linux-gnu]
  ignore line: [Configured with: ../src/configure -v --with-pkgversion='Ubuntu 5.1.1-4ubuntu12' --with-bugurl=file:///usr/share/doc/gcc-5/README.Bugs --enable-languages=c,ada,c++,java,go,d,fortran,objc,obj-c++ --prefix=/usr --program-suffix=-5 --enable-shared --enable-linker-build-id --libexecdir=/usr/lib --without-included-gettext --enable-threads=posix --libdir=/usr/lib --enable-nls --with-sysroot=/ --enable-clocale=gnu --enable-libstdcxx-debug --enable-libstdcxx-time=yes --with-default-libstdcxx-abi=c++11 --enable-gnu-unique-object --disable-vtable-verify --enable-libmpx --enable-plugin --with-system-zlib --disable-browser-plugin --enable-java-awt=gtk --enable-gtk-cairo --with-java-home=/usr/lib/jvm/java-1.5.0-gcj-5-amd64/jre --enable-java-home --with-jvm-root-dir=/usr/lib/jvm/java-1.5.0-gcj-5-amd64 --with-jvm-jar-dir=/usr/lib/jvm-exports/java-1.5.0-gcj-5-amd64 --with-arch-directory=amd64 --with-ecj-jar=/usr/share/java/eclipse-ecj.jar --enable-objc-gc --enable-multiarch --disable-werror --with-arch-32=i686 --with-abi=m64 --with-multilib-list=m32,m64,mx32 --enable-multilib --with-tune=generic --enable-checking=release --build=x86_64-linux-gnu --host=x86_64-linux-gnu --target=x86_64-linux-gnu]
  ignore line: [Thread model: posix]
  ignore line: [gcc version 5.1.1 20150504 (Ubuntu 5.1.1-4ubuntu12) ]
  ignore line: [COMPILER_PATH=/usr/lib/gcc/x86_64-linux-gnu/5/:/usr/lib/gcc/x86_64-linux-gnu/5/:/usr/lib/gcc/x86_64-linux-gnu/:/usr/lib/gcc/x86_64-linux-gnu/5/:/usr/lib/gcc/x86_64-linux-gnu/]
  ignore line: [LIBRARY_PATH=/usr/lib/gcc/x86_64-linux-gnu/5/:/usr/lib/gcc/x86_64-linux-gnu/5/../../../x86_64-linux-gnu/:/usr/lib/gcc/x86_64-linux-gnu/5/../../../../lib/:/lib/x86_64-linux-gnu/:/lib/../lib/:/usr/lib/x86_64-linux-gnu/:/usr/lib/../lib/:/usr/lib/gcc/x86_64-linux-gnu/5/../../../:/lib/:/usr/lib/]
  ignore line: [COLLECT_GCC_OPTIONS='-v' '-o' 'cmTryCompileExec515310633' '-rdynamic' '-mtune=generic' '-march=x86-64']
  link line: [ /usr/lib/gcc/x86_64-linux-gnu/5/collect2 -plugin /usr/lib/gcc/x86_64-linux-gnu/5/liblto_plugin.so -plugin-opt=/usr/lib/gcc/x86_64-linux-gnu/5/lto-wrapper -plugin-opt=-fresolution=/tmp/cckSZ7eW.res -plugin-opt=-pass-through=-lgcc -plugin-opt=-pass-through=-lgcc_s -plugin-opt=-pass-through=-lc -plugin-opt=-pass-through=-lgcc -plugin-opt=-pass-through=-lgcc_s --sysroot=/ --build-id --eh-frame-hdr -m elf_x86_64 --hash-style=gnu -export-dynamic -dynamic-linker /lib64/ld-linux-x86-64.so.2 -z relro -o cmTryCompileExec515310633 /usr/lib/gcc/x86_64-linux-gnu/5/../../../x86_64-linux-gnu/crt1.o /usr/lib/gcc/x86_64-linux-gnu/5/../../../x86_64-linux-gnu/crti.o /usr/lib/gcc/x86_64-linux-gnu/5/crtbegin.o -L/usr/lib/gcc/x86_64-linux-gnu/5 -L/usr/lib/gcc/x86_64-linux-gnu/5/../../../x86_64-linux-gnu -L/usr/lib/gcc/x86_64-linux-gnu/5/../../../../lib -L/lib/x86_64-linux-gnu -L/lib/../lib -L/usr/lib/x86_64-linux-gnu -L/usr/lib/../lib -L/usr/lib/gcc/x86_64-linux-gnu/5/../../.. CMakeFiles/cmTryCompileExec515310633.dir/CMakeCCompilerABI.c.o -lgcc --as-needed -lgcc_s --no-as-needed -lc -lgcc --as-needed -lgcc_s --no-as-needed /usr/lib/gcc/x86_64-linux-gnu/5/crtend.o /usr/lib/gcc/x86_64-linux-gnu/5/../../../x86_64-linux-gnu/crtn.o]
    arg [/usr/lib/gcc/x86_64-linux-gnu/5/collect2] ==> ignore
    arg [-plugin] ==> ignore
    arg [/usr/lib/gcc/x86_64-linux-gnu/5/liblto_plugin.so] ==> ignore
    arg [-plugin-opt=/usr/lib/gcc/x86_64-linux-gnu/5/lto-wrapper] ==> ignore
    arg [-plugin-opt=-fresolution=/tmp/cckSZ7eW.res] ==> ignore
    arg [-plugin-opt=-pass-through=-lgcc] ==> ignore
    arg [-plugin-opt=-pass-through=-lgcc_s] ==> ignore
    arg [-plugin-opt=-pass-through=-lc] ==> ignore
    arg [-plugin-opt=-pass-through=-lgcc] ==> ignore
    arg [-plugin-opt=-pass-through=-lgcc_s] ==> ignore
    arg [--sysroot=/] ==> ignore
    arg [--build-id] ==> ignore
    arg [--eh-frame-hdr] ==> ignore
    arg [-m] ==> ignore
    arg [elf_x86_64] ==> ignore
    arg [--hash-style=gnu] ==> ignore
    arg [-export-dynamic] ==> ignore
    arg [-dynamic-linker] ==> ignore
    arg [/lib64/ld-linux-x86-64.so.2] ==> ignore
    arg [-zrelro] ==> ignore
    arg [-o] ==> ignore
    arg [cmTryCompileExec515310633] ==> ignore
    arg [/usr/lib/gcc/x86_64-linux-gnu/5/../../../x86_64-linux-gnu/crt1.o] ==> ignore
    arg [/usr/lib/gcc/x86_64-linux-gnu/5/../../../x86_64-linux-gnu/crti.o] ==> ignore
    arg [/usr/lib/gcc/x86_64-linux-gnu/5/crtbegin.o] ==> ignore
    arg [-L/usr/lib/gcc/x86_64-linux-gnu/5] ==> dir [/usr/lib/gcc/x86_64-linux-gnu/5]
    arg [-L/usr/lib/gcc/x86_64-linux-gnu/5/../../../x86_64-linux-gnu] ==> dir [/usr/lib/gcc/x86_64-linux-gnu/5/../../../x86_64-linux-gnu]
    arg [-L/usr/lib/gcc/x86_64-linux-gnu/5/../../../../lib] ==> dir [/usr/lib/gcc/x86_64-linux-gnu/5/../../../../lib]
    arg [-L/lib/x86_64-linux-gnu] ==> dir [/lib/x86_64-linux-gnu]
    arg [-L/lib/../lib] ==> dir [/lib/../lib]
    arg [-L/usr/lib/x86_64-linux-gnu] ==> dir [/usr/lib/x86_64-linux-gnu]
    arg [-L/usr/lib/../lib] ==> dir [/usr/lib/../lib]
    arg [-L/usr/lib/gcc/x86_64-linux-gnu/5/../../..] ==> dir [/usr/lib/gcc/x86_64-linux-gnu/5/../../..]
    arg [CMakeFiles/cmTryCompileExec515310633.dir/CMakeCCompilerABI.c.o] ==> ignore
    arg [-lgcc] ==> lib [gcc]
    arg [--as-needed] ==> ignore
    arg [-lgcc_s] ==> lib [gcc_s]
    arg [--no-as-needed] ==> ignore
    arg [-lc] ==> lib [c]
    arg [-lgcc] ==> lib [gcc]
    arg [--as-needed] ==> ignore
    arg [-lgcc_s] ==> lib [gcc_s]
    arg [--no-as-needed] ==> ignore
    arg [/usr/lib/gcc/x86_64-linux-gnu/5/crtend.o] ==> ignore
    arg [/usr/lib/gcc/x86_64-linux-gnu/5/../../../x86_64-linux-gnu/crtn.o] ==> ignore
  remove lib [gcc]
  remove lib [gcc_s]
  remove lib [gcc]
  remove lib [gcc_s]
  collapse library dir [/usr/lib/gcc/x86_64-linux-gnu/5] ==> [/usr/lib/gcc/x86_64-linux-gnu/5]
  collapse library dir [/usr/lib/gcc/x86_64-linux-gnu/5/../../../x86_64-linux-gnu] ==> [/usr/lib/x86_64-linux-gnu]
  collapse library dir [/usr/lib/gcc/x86_64-linux-gnu/5/../../../../lib] ==> [/usr/lib]
  collapse library dir [/lib/x86_64-linux-gnu] ==> [/lib/x86_64-linux-gnu]
  collapse library dir [/lib/../lib] ==> [/lib]
  collapse library dir [/usr/lib/x86_64-linux-gnu] ==> [/usr/lib/x86_64-linux-gnu]
  collapse library dir [/usr/lib/../lib] ==> [/usr/lib]
  collapse library dir [/usr/lib/gcc/x86_64-linux-gnu/5/../../..] ==> [/usr/lib]
  implicit libs: [c]
  implicit dirs: [/usr/lib/gcc/x86_64-linux-gnu/5;/usr/lib/x86_64-linux-gnu;/usr/lib;/lib/x86_64-linux-gnu;/lib]
  implicit fwks: []


Determining if the function XOpenDisplay exists in the /usr/lib/x86_64-linux-gnu/libX11.so;/usr/lib/x86_64-linux-gnu/libXext.so passed with the following output:
Change Dir: /home/ragnar/Dropbox/datorgrafik/EDAN35_Assignment2/glfw/build/CMakeFiles/CMakeTmp

Run Build Command:"/usr/bin/make" "cmTryCompileExec1406274977/fast"
make[3]: Entering directory '/home/ragnar/Dropbox/datorgrafik/EDAN35_Assignment2/glfw/build/CMakeFiles/CMakeTmp'
/usr/bin/make -f CMakeFiles/cmTryCompileExec1406274977.dir/build.make CMakeFiles/cmTryCompileExec1406274977.dir/build
make[4]: Entering directory '/home/ragnar/Dropbox/datorgrafik/EDAN35_Assignment2/glfw/build/CMakeFiles/CMakeTmp'
/usr/bin/cmake -E cmake_progress_report /home/ragnar/Dropbox/datorgrafik/EDAN35_Assignment2/glfw/build/CMakeFiles/CMakeTmp/CMakeFiles 1
Building C object CMakeFiles/cmTryCompileExec1406274977.dir/CheckFunctionExists.c.o
/usr/bin/cc   -DCHECK_FUNCTION_EXISTS=XOpenDisplay   -o CMakeFiles/cmTryCompileExec1406274977.dir/CheckFunctionExists.c.o   -c /usr/share/cmake-3.0/Modules/CheckFunctionExists.c
Linking C executable cmTryCompileExec1406274977
/usr/bin/cmake -E cmake_link_script CMakeFiles/cmTryCompileExec1406274977.dir/link.txt --verbose=1
/usr/bin/cc   -DCHECK_FUNCTION_EXISTS=XOpenDisplay    CMakeFiles/cmTryCompileExec1406274977.dir/CheckFunctionExists.c.o  -o cmTryCompileExec1406274977 -rdynamic -lX11 -lXext 
make[4]: Leaving directory '/home/ragnar/Dropbox/datorgrafik/EDAN35_Assignment2/glfw/build/CMakeFiles/CMakeTmp'
make[3]: Leaving directory '/home/ragnar/Dropbox/datorgrafik/EDAN35_Assignment2/glfw/build/CMakeFiles/CMakeTmp'


Determining if the function gethostbyname exists passed with the following output:
Change Dir: /home/ragnar/Dropbox/datorgrafik/EDAN35_Assignment2/glfw/build/CMakeFiles/CMakeTmp

Run Build Command:"/usr/bin/make" "cmTryCompileExec1963959994/fast"
make[3]: Entering directory '/home/ragnar/Dropbox/datorgrafik/EDAN35_Assignment2/glfw/build/CMakeFiles/CMakeTmp'
/usr/bin/make -f CMakeFiles/cmTryCompileExec1963959994.dir/build.make CMakeFiles/cmTryCompileExec1963959994.dir/build
make[4]: Entering directory '/home/ragnar/Dropbox/datorgrafik/EDAN35_Assignment2/glfw/build/CMakeFiles/CMakeTmp'
/usr/bin/cmake -E cmake_progress_report /home/ragnar/Dropbox/datorgrafik/EDAN35_Assignment2/glfw/build/CMakeFiles/CMakeTmp/CMakeFiles 1
Building C object CMakeFiles/cmTryCompileExec1963959994.dir/CheckFunctionExists.c.o
/usr/bin/cc   -DCHECK_FUNCTION_EXISTS=gethostbyname   -o CMakeFiles/cmTryCompileExec1963959994.dir/CheckFunctionExists.c.o   -c /usr/share/cmake-3.0/Modules/CheckFunctionExists.c
Linking C executable cmTryCompileExec1963959994
/usr/bin/cmake -E cmake_link_script CMakeFiles/cmTryCompileExec1963959994.dir/link.txt --verbose=1
/usr/bin/cc   -DCHECK_FUNCTION_EXISTS=gethostbyname    CMakeFiles/cmTryCompileExec1963959994.dir/CheckFunctionExists.c.o  -o cmTryCompileExec1963959994 -rdynamic 
make[4]: Leaving directory '/home/ragnar/Dropbox/datorgrafik/EDAN35_Assignment2/glfw/build/CMakeFiles/CMakeTmp'
make[3]: Leaving directory '/home/ragnar/Dropbox/datorgrafik/EDAN35_Assignment2/glfw/build/CMakeFiles/CMakeTmp'


Determining if the function connect exists passed with the following output:
Change Dir: /home/ragnar/Dropbox/datorgrafik/EDAN35_Assignment2/glfw/build/CMakeFiles/CMakeTmp

Run Build Command:"/usr/bin/make" "cmTryCompileExec3318929485/fast"
make[3]: Entering directory '/home/ragnar/Dropbox/datorgrafik/EDAN35_Assignment2/glfw/build/CMakeFiles/CMakeTmp'
/usr/bin/make -f CMakeFiles/cmTryCompileExec3318929485.dir/build.make CMakeFiles/cmTryCompileExec3318929485.dir/build
make[4]: Entering directory '/home/ragnar/Dropbox/datorgrafik/EDAN35_Assignment2/glfw/build/CMakeFiles/CMakeTmp'
/usr/bin/cmake -E cmake_progress_report /home/ragnar/Dropbox/datorgrafik/EDAN35_Assignment2/glfw/build/CMakeFiles/CMakeTmp/CMakeFiles 1
Building C object CMakeFiles/cmTryCompileExec3318929485.dir/CheckFunctionExists.c.o
/usr/bin/cc   -DCHECK_FUNCTION_EXISTS=connect   -o CMakeFiles/cmTryCompileExec3318929485.dir/CheckFunctionExists.c.o   -c /usr/share/cmake-3.0/Modules/CheckFunctionExists.c
Linking C executable cmTryCompileExec3318929485
/usr/bin/cmake -E cmake_link_script CMakeFiles/cmTryCompileExec3318929485.dir/link.txt --verbose=1
/usr/bin/cc   -DCHECK_FUNCTION_EXISTS=connect    CMakeFiles/cmTryCompileExec3318929485.dir/CheckFunctionExists.c.o  -o cmTryCompileExec3318929485 -rdynamic 
make[4]: Leaving directory '/home/ragnar/Dropbox/datorgrafik/EDAN35_Assignment2/glfw/build/CMakeFiles/CMakeTmp'
make[3]: Leaving directory '/home/ragnar/Dropbox/datorgrafik/EDAN35_Assignment2/glfw/build/CMakeFiles/CMakeTmp'


Determining if the function remove exists passed with the following output:
Change Dir: /home/ragnar/Dropbox/datorgrafik/EDAN35_Assignment2/glfw/build/CMakeFiles/CMakeTmp

Run Build Command:"/usr/bin/make" "cmTryCompileExec976476702/fast"
make[3]: Entering directory '/home/ragnar/Dropbox/datorgrafik/EDAN35_Assignment2/glfw/build/CMakeFiles/CMakeTmp'
/usr/bin/make -f CMakeFiles/cmTryCompileExec976476702.dir/build.make CMakeFiles/cmTryCompileExec976476702.dir/build
make[4]: Entering directory '/home/ragnar/Dropbox/datorgrafik/EDAN35_Assignment2/glfw/build/CMakeFiles/CMakeTmp'
/usr/bin/cmake -E cmake_progress_report /home/ragnar/Dropbox/datorgrafik/EDAN35_Assignment2/glfw/build/CMakeFiles/CMakeTmp/CMakeFiles 1
Building C object CMakeFiles/cmTryCompileExec976476702.dir/CheckFunctionExists.c.o
/usr/bin/cc   -DCHECK_FUNCTION_EXISTS=remove   -o CMakeFiles/cmTryCompileExec976476702.dir/CheckFunctionExists.c.o   -c /usr/share/cmake-3.0/Modules/CheckFunctionExists.c
Linking C executable cmTryCompileExec976476702
/usr/bin/cmake -E cmake_link_script CMakeFiles/cmTryCompileExec976476702.dir/link.txt --verbose=1
/usr/bin/cc   -DCHECK_FUNCTION_EXISTS=remove    CMakeFiles/cmTryCompileExec976476702.dir/CheckFunctionExists.c.o  -o cmTryCompileExec976476702 -rdynamic 
make[4]: Leaving directory '/home/ragnar/Dropbox/datorgrafik/EDAN35_Assignment2/glfw/build/CMakeFiles/CMakeTmp'
make[3]: Leaving directory '/home/ragnar/Dropbox/datorgrafik/EDAN35_Assignment2/glfw/build/CMakeFiles/CMakeTmp'


Determining if the function shmat exists passed with the following output:
Change Dir: /home/ragnar/Dropbox/datorgrafik/EDAN35_Assignment2/glfw/build/CMakeFiles/CMakeTmp

Run Build Command:"/usr/bin/make" "cmTryCompileExec686886052/fast"
make[3]: Entering directory '/home/ragnar/Dropbox/datorgrafik/EDAN35_Assignment2/glfw/build/CMakeFiles/CMakeTmp'
/usr/bin/make -f CMakeFiles/cmTryCompileExec686886052.dir/build.make CMakeFiles/cmTryCompileExec686886052.dir/build
make[4]: Entering directory '/home/ragnar/Dropbox/datorgrafik/EDAN35_Assignment2/glfw/build/CMakeFiles/CMakeTmp'
/usr/bin/cmake -E cmake_progress_report /home/ragnar/Dropbox/datorgrafik/EDAN35_Assignment2/glfw/build/CMakeFiles/CMakeTmp/CMakeFiles 1
Building C object CMakeFiles/cmTryCompileExec686886052.dir/CheckFunctionExists.c.o
/usr/bin/cc   -DCHECK_FUNCTION_EXISTS=shmat   -o CMakeFiles/cmTryCompileExec686886052.dir/CheckFunctionExists.c.o   -c /usr/share/cmake-3.0/Modules/CheckFunctionExists.c
Linking C executable cmTryCompileExec686886052
/usr/bin/cmake -E cmake_link_script CMakeFiles/cmTryCompileExec686886052.dir/link.txt --verbose=1
/usr/bin/cc   -DCHECK_FUNCTION_EXISTS=shmat    CMakeFiles/cmTryCompileExec686886052.dir/CheckFunctionExists.c.o  -o cmTryCompileExec686886052 -rdynamic 
make[4]: Leaving directory '/home/ragnar/Dropbox/datorgrafik/EDAN35_Assignment2/glfw/build/CMakeFiles/CMakeTmp'
make[3]: Leaving directory '/home/ragnar/Dropbox/datorgrafik/EDAN35_Assignment2/glfw/build/CMakeFiles/CMakeTmp'


Determining if the function IceConnectionNumber exists in the ICE passed with the following output:
Change Dir: /home/ragnar/Dropbox/datorgrafik/EDAN35_Assignment2/glfw/build/CMakeFiles/CMakeTmp

Run Build Command:"/usr/bin/make" "cmTryCompileExec2439915435/fast"
make[3]: Entering directory '/home/ragnar/Dropbox/datorgrafik/EDAN35_Assignment2/glfw/build/CMakeFiles/CMakeTmp'
/usr/bin/make -f CMakeFiles/cmTryCompileExec2439915435.dir/build.make CMakeFiles/cmTryCompileExec2439915435.dir/build
make[4]: Entering directory '/home/ragnar/Dropbox/datorgrafik/EDAN35_Assignment2/glfw/build/CMakeFiles/CMakeTmp'
/usr/bin/cmake -E cmake_progress_report /home/ragnar/Dropbox/datorgrafik/EDAN35_Assignment2/glfw/build/CMakeFiles/CMakeTmp/CMakeFiles 1
Building C object CMakeFiles/cmTryCompileExec2439915435.dir/CheckFunctionExists.c.o
/usr/bin/cc   -DCHECK_FUNCTION_EXISTS=IceConnectionNumber   -o CMakeFiles/cmTryCompileExec2439915435.dir/CheckFunctionExists.c.o   -c /usr/share/cmake-3.0/Modules/CheckFunctionExists.c
Linking C executable cmTryCompileExec2439915435
/usr/bin/cmake -E cmake_link_script CMakeFiles/cmTryCompileExec2439915435.dir/link.txt --verbose=1
/usr/bin/cc   -DCHECK_FUNCTION_EXISTS=IceConnectionNumber    CMakeFiles/cmTryCompileExec2439915435.dir/CheckFunctionExists.c.o  -o cmTryCompileExec2439915435 -rdynamic -lICE 
make[4]: Leaving directory '/home/ragnar/Dropbox/datorgrafik/EDAN35_Assignment2/glfw/build/CMakeFiles/CMakeTmp'
make[3]: Leaving directory '/home/ragnar/Dropbox/datorgrafik/EDAN35_Assignment2/glfw/build/CMakeFiles/CMakeTmp'


Determining if files pthread.h exist passed with the following output:
Change Dir: /home/ragnar/Dropbox/datorgrafik/EDAN35_Assignment2/glfw/build/CMakeFiles/CMakeTmp

Run Build Command:"/usr/bin/make" "cmTryCompileExec244261793/fast"
make[3]: Entering directory '/home/ragnar/Dropbox/datorgrafik/EDAN35_Assignment2/glfw/build/CMakeFiles/CMakeTmp'
/usr/bin/make -f CMakeFiles/cmTryCompileExec244261793.dir/build.make CMakeFiles/cmTryCompileExec244261793.dir/build
make[4]: Entering directory '/home/ragnar/Dropbox/datorgrafik/EDAN35_Assignment2/glfw/build/CMakeFiles/CMakeTmp'
/usr/bin/cmake -E cmake_progress_report /home/ragnar/Dropbox/datorgrafik/EDAN35_Assignment2/glfw/build/CMakeFiles/CMakeTmp/CMakeFiles 1
Building C object CMakeFiles/cmTryCompileExec244261793.dir/CheckIncludeFiles.c.o
/usr/bin/cc    -o CMakeFiles/cmTryCompileExec244261793.dir/CheckIncludeFiles.c.o   -c /home/ragnar/Dropbox/datorgrafik/EDAN35_Assignment2/glfw/build/CMakeFiles/CMakeTmp/CheckIncludeFiles.c
Linking C executable cmTryCompileExec244261793
/usr/bin/cmake -E cmake_link_script CMakeFiles/cmTryCompileExec244261793.dir/link.txt --verbose=1
/usr/bin/cc       CMakeFiles/cmTryCompileExec244261793.dir/CheckIncludeFiles.c.o  -o cmTryCompileExec244261793 -rdynamic 
make[4]: Leaving directory '/home/ragnar/Dropbox/datorgrafik/EDAN35_Assignment2/glfw/build/CMakeFiles/CMakeTmp'
make[3]: Leaving directory '/home/ragnar/Dropbox/datorgrafik/EDAN35_Assignment2/glfw/build/CMakeFiles/CMakeTmp'


Determining if the function pthread_create exists in the pthread passed with the following output:
Change Dir: /home/ragnar/Dropbox/datorgrafik/EDAN35_Assignment2/glfw/build/CMakeFiles/CMakeTmp

Run Build Command:"/usr/bin/make" "cmTryCompileExec2349794674/fast"
make[3]: Entering directory '/home/ragnar/Dropbox/datorgrafik/EDAN35_Assignment2/glfw/build/CMakeFiles/CMakeTmp'
/usr/bin/make -f CMakeFiles/cmTryCompileExec2349794674.dir/build.make CMakeFiles/cmTryCompileExec2349794674.dir/build
make[4]: Entering directory '/home/ragnar/Dropbox/datorgrafik/EDAN35_Assignment2/glfw/build/CMakeFiles/CMakeTmp'
/usr/bin/cmake -E cmake_progress_report /home/ragnar/Dropbox/datorgrafik/EDAN35_Assignment2/glfw/build/CMakeFiles/CMakeTmp/CMakeFiles 1
Building C object CMakeFiles/cmTryCompileExec2349794674.dir/CheckFunctionExists.c.o
/usr/bin/cc   -DCHECK_FUNCTION_EXISTS=pthread_create   -o CMakeFiles/cmTryCompileExec2349794674.dir/CheckFunctionExists.c.o   -c /usr/share/cmake-3.0/Modules/CheckFunctionExists.c
Linking C executable cmTryCompileExec2349794674
/usr/bin/cmake -E cmake_link_script CMakeFiles/cmTryCompileExec2349794674.dir/link.txt --verbose=1
/usr/bin/cc   -DCHECK_FUNCTION_EXISTS=pthread_create    CMakeFiles/cmTryCompileExec2349794674.dir/CheckFunctionExists.c.o  -o cmTryCompileExec2349794674 -rdynamic -lpthread 
make[4]: Leaving directory '/home/ragnar/Dropbox/datorgrafik/EDAN35_Assignment2/glfw/build/CMakeFiles/CMakeTmp'
make[3]: Leaving directory '/home/ragnar/Dropbox/datorgrafik/EDAN35_Assignment2/glfw/build/CMakeFiles/CMakeTmp'


