Determining if the pthread_create exist failed with the following output:
Change Dir: /home/ragnar/Dropbox/datorgrafik/EDAN35_Assignment2/glfw/build/CMakeFiles/CMakeTmp

Run Build Command:"/usr/bin/make" "cmTryCompileExec4244727628/fast"
make[3]: Entering directory '/home/ragnar/Dropbox/datorgrafik/EDAN35_Assignment2/glfw/build/CMakeFiles/CMakeTmp'
/usr/bin/make -f CMakeFiles/cmTryCompileExec4244727628.dir/build.make CMakeFiles/cmTryCompileExec4244727628.dir/build
make[4]: Entering directory '/home/ragnar/Dropbox/datorgrafik/EDAN35_Assignment2/glfw/build/CMakeFiles/CMakeTmp'
/usr/bin/cmake -E cmake_progress_report /home/ragnar/Dropbox/datorgrafik/EDAN35_Assignment2/glfw/build/CMakeFiles/CMakeTmp/CMakeFiles 1
Building C object CMakeFiles/cmTryCompileExec4244727628.dir/CheckSymbolExists.c.o
/usr/bin/cc    -o CMakeFiles/cmTryCompileExec4244727628.dir/CheckSymbolExists.c.o   -c /home/ragnar/Dropbox/datorgrafik/EDAN35_Assignment2/glfw/build/CMakeFiles/CMakeTmp/CheckSymbolExists.c
Linking C executable cmTryCompileExec4244727628
/usr/bin/cmake -E cmake_link_script CMakeFiles/cmTryCompileExec4244727628.dir/link.txt --verbose=1
/usr/bin/cc       CMakeFiles/cmTryCompileExec4244727628.dir/CheckSymbolExists.c.o  -o cmTryCompileExec4244727628 -rdynamic 
CMakeFiles/cmTryCompileExec4244727628.dir/CheckSymbolExists.c.o: In function `main':
CheckSymbolExists.c:(.text+0x16): undefined reference to `pthread_create'
collect2: error: ld returned 1 exit status
CMakeFiles/cmTryCompileExec4244727628.dir/build.make:88: recipe for target 'cmTryCompileExec4244727628' failed
make[4]: *** [cmTryCompileExec4244727628] Error 1
make[4]: Leaving directory '/home/ragnar/Dropbox/datorgrafik/EDAN35_Assignment2/glfw/build/CMakeFiles/CMakeTmp'
Makefile:118: recipe for target 'cmTryCompileExec4244727628/fast' failed
make[3]: *** [cmTryCompileExec4244727628/fast] Error 2
make[3]: Leaving directory '/home/ragnar/Dropbox/datorgrafik/EDAN35_Assignment2/glfw/build/CMakeFiles/CMakeTmp'

File /home/ragnar/Dropbox/datorgrafik/EDAN35_Assignment2/glfw/build/CMakeFiles/CMakeTmp/CheckSymbolExists.c:
/* */
#include <pthread.h>

int main(int argc, char** argv)
{
  (void)argv;
#ifndef pthread_create
  return ((int*)(&pthread_create))[argc];
#else
  (void)argc;
  return 0;
#endif
}

Determining if the function pthread_create exists in the pthreads failed with the following output:
Change Dir: /home/ragnar/Dropbox/datorgrafik/EDAN35_Assignment2/glfw/build/CMakeFiles/CMakeTmp

Run Build Command:"/usr/bin/make" "cmTryCompileExec4149072799/fast"
make[3]: Entering directory '/home/ragnar/Dropbox/datorgrafik/EDAN35_Assignment2/glfw/build/CMakeFiles/CMakeTmp'
/usr/bin/make -f CMakeFiles/cmTryCompileExec4149072799.dir/build.make CMakeFiles/cmTryCompileExec4149072799.dir/build
make[4]: Entering directory '/home/ragnar/Dropbox/datorgrafik/EDAN35_Assignment2/glfw/build/CMakeFiles/CMakeTmp'
/usr/bin/cmake -E cmake_progress_report /home/ragnar/Dropbox/datorgrafik/EDAN35_Assignment2/glfw/build/CMakeFiles/CMakeTmp/CMakeFiles 1
Building C object CMakeFiles/cmTryCompileExec4149072799.dir/CheckFunctionExists.c.o
/usr/bin/cc   -DCHECK_FUNCTION_EXISTS=pthread_create   -o CMakeFiles/cmTryCompileExec4149072799.dir/CheckFunctionExists.c.o   -c /usr/share/cmake-3.0/Modules/CheckFunctionExists.c
Linking C executable cmTryCompileExec4149072799
/usr/bin/cmake -E cmake_link_script CMakeFiles/cmTryCompileExec4149072799.dir/link.txt --verbose=1
/usr/bin/cc   -DCHECK_FUNCTION_EXISTS=pthread_create    CMakeFiles/cmTryCompileExec4149072799.dir/CheckFunctionExists.c.o  -o cmTryCompileExec4149072799 -rdynamic -lpthreads 
/usr/bin/ld: cannot find -lpthreads
collect2: error: ld returned 1 exit status
CMakeFiles/cmTryCompileExec4149072799.dir/build.make:88: recipe for target 'cmTryCompileExec4149072799' failed
make[4]: *** [cmTryCompileExec4149072799] Error 1
make[4]: Leaving directory '/home/ragnar/Dropbox/datorgrafik/EDAN35_Assignment2/glfw/build/CMakeFiles/CMakeTmp'
Makefile:118: recipe for target 'cmTryCompileExec4149072799/fast' failed
make[3]: *** [cmTryCompileExec4149072799/fast] Error 2
make[3]: Leaving directory '/home/ragnar/Dropbox/datorgrafik/EDAN35_Assignment2/glfw/build/CMakeFiles/CMakeTmp'


